[2023-08-26 10:14:18.117] [jointLog] [info] setting maxHashResizeThreads to 16
[2023-08-26 10:14:18.117] [jointLog] [info] Fragment incompatibility prior below threshold.  Incompatible fragments will be ignored.
[2023-08-26 10:14:18.117] [jointLog] [info] Usage of --validateMappings implies use of minScoreFraction. Since not explicitly specified, it is being set to 0.65
[2023-08-26 10:14:18.117] [jointLog] [info] Setting consensusSlack to selective-alignment default of 0.35.
[2023-08-26 10:14:18.117] [jointLog] [info] parsing read library format
[2023-08-26 10:14:18.117] [jointLog] [info] There is 1 library.
[2023-08-26 10:14:18.163] [jointLog] [info] Loading pufferfish index
[2023-08-26 10:14:18.163] [jointLog] [info] Loading dense pufferfish index.
[2023-08-26 10:14:40.463] [jointLog] [info] done
[2023-08-26 10:14:40.463] [jointLog] [info] Index contained 177,651 targets
[2023-08-26 10:14:40.487] [jointLog] [info] Number of decoys : 195
[2023-08-26 10:14:40.487] [jointLog] [info] First decoy index : 177,412 
[2023-08-26 10:14:41.002] [jointLog] [info] Automatically detected most likely library type as ISR

[2023-08-26 10:20:13.491] [jointLog] [info] Thread saw mini-batch with a maximum of 0.78% zero probability fragments
[2023-08-26 10:20:13.539] [jointLog] [info] Thread saw mini-batch with a maximum of 0.70% zero probability fragments
[2023-08-26 10:20:13.570] [jointLog] [info] Thread saw mini-batch with a maximum of 0.72% zero probability fragments
[2023-08-26 10:20:13.587] [jointLog] [info] Thread saw mini-batch with a maximum of 0.74% zero probability fragments
[2023-08-26 10:20:13.606] [jointLog] [info] Thread saw mini-batch with a maximum of 0.70% zero probability fragments
[2023-08-26 10:20:13.613] [jointLog] [info] Thread saw mini-batch with a maximum of 0.68% zero probability fragments
[2023-08-26 10:20:13.632] [jointLog] [info] Thread saw mini-batch with a maximum of 0.74% zero probability fragments
[2023-08-26 10:20:13.646] [jointLog] [info] Thread saw mini-batch with a maximum of 0.72% zero probability fragments
[2023-08-26 10:20:13.670] [jointLog] [info] Thread saw mini-batch with a maximum of 0.76% zero probability fragments
[2023-08-26 10:20:13.680] [jointLog] [info] Thread saw mini-batch with a maximum of 0.72% zero probability fragments
[2023-08-26 10:20:13.712] [jointLog] [info] Thread saw mini-batch with a maximum of 0.72% zero probability fragments
[2023-08-26 10:20:13.716] [jointLog] [info] Thread saw mini-batch with a maximum of 0.74% zero probability fragments
[2023-08-26 10:20:13.752] [jointLog] [info] Thread saw mini-batch with a maximum of 0.78% zero probability fragments
[2023-08-26 10:20:13.757] [jointLog] [info] Thread saw mini-batch with a maximum of 0.76% zero probability fragments
[2023-08-26 10:20:13.791] [jointLog] [info] Thread saw mini-batch with a maximum of 0.72% zero probability fragments
[2023-08-26 10:20:13.817] [jointLog] [info] Thread saw mini-batch with a maximum of 0.76% zero probability fragments
[2023-08-26 10:20:13.949] [jointLog] [info] Computed 436,002 rich equivalence classes for further processing
[2023-08-26 10:20:13.949] [jointLog] [info] Counted 29,159,813 total reads in the equivalence classes 
[2023-08-26 10:20:13.953] [jointLog] [warning] 0.00224391% of fragments were shorter than the k used to build the index.
If this fraction is too large, consider re-building the index with a smaller k.
The minimum read size found was 20.


[2023-08-26 10:20:13.953] [jointLog] [info] Number of mappings discarded because of alignment score : 16,660,735
[2023-08-26 10:20:13.953] [jointLog] [info] Number of fragments entirely discarded because of alignment score : 11,645,294
[2023-08-26 10:20:13.953] [jointLog] [info] Number of fragments discarded because they are best-mapped to decoys : 11,367,365
[2023-08-26 10:20:13.953] [jointLog] [info] Number of fragments discarded because they have only dovetail (discordant) mappings to valid targets : 90,569
[2023-08-26 10:20:13.953] [jointLog] [info] Mapping rate = 45.7886%

[2023-08-26 10:20:13.953] [jointLog] [info] finished quantifyLibrary()
[2023-08-26 10:20:13.954] [jointLog] [info] Starting optimizer
[2023-08-26 10:20:14.004] [jointLog] [info] Marked 0 weighted equivalence classes as degenerate
[2023-08-26 10:20:14.010] [jointLog] [info] iteration = 0 | max rel diff. = 6752.58
[2023-08-26 10:20:13.949] [fileLog] [info] 
At end of round 0
==================
Observed 63683571 total fragments (63683571 in most recent round)

[2023-08-26 10:20:14.564] [jointLog] [info] iteration = 100 | max rel diff. = 20.4527
[2023-08-26 10:20:15.108] [jointLog] [info] iteration = 200 | max rel diff. = 14.7214
[2023-08-26 10:20:15.654] [jointLog] [info] iteration = 300 | max rel diff. = 5.22629
[2023-08-26 10:20:16.196] [jointLog] [info] iteration = 400 | max rel diff. = 1.22474
[2023-08-26 10:20:16.731] [jointLog] [info] iteration = 500 | max rel diff. = 1.39016
[2023-08-26 10:20:17.273] [jointLog] [info] iteration = 600 | max rel diff. = 0.699032
[2023-08-26 10:20:17.807] [jointLog] [info] iteration = 700 | max rel diff. = 0.643475
[2023-08-26 10:20:18.343] [jointLog] [info] iteration = 800 | max rel diff. = 0.790207
[2023-08-26 10:20:18.880] [jointLog] [info] iteration = 900 | max rel diff. = 1.09104
[2023-08-26 10:20:19.420] [jointLog] [info] iteration = 1,000 | max rel diff. = 0.957758
[2023-08-26 10:20:19.962] [jointLog] [info] iteration = 1,100 | max rel diff. = 5.58279
[2023-08-26 10:20:20.526] [jointLog] [info] iteration = 1,200 | max rel diff. = 0.0422881
[2023-08-26 10:20:21.084] [jointLog] [info] iteration = 1,300 | max rel diff. = 0.0522073
[2023-08-26 10:20:21.630] [jointLog] [info] iteration = 1,400 | max rel diff. = 0.183684
[2023-08-26 10:20:22.181] [jointLog] [info] iteration = 1,500 | max rel diff. = 0.111767
[2023-08-26 10:20:22.744] [jointLog] [info] iteration = 1,600 | max rel diff. = 0.0253767
[2023-08-26 10:20:23.289] [jointLog] [info] iteration = 1,700 | max rel diff. = 0.0308404
[2023-08-26 10:20:23.940] [jointLog] [info] iteration = 1,800 | max rel diff. = 0.0374516
[2023-08-26 10:20:24.618] [jointLog] [info] iteration = 1,900 | max rel diff. = 0.021382
[2023-08-26 10:20:25.296] [jointLog] [info] iteration = 2,000 | max rel diff. = 0.0556892
[2023-08-26 10:20:25.972] [jointLog] [info] iteration = 2,100 | max rel diff. = 0.0244474
[2023-08-26 10:20:26.222] [jointLog] [info] iteration = 2,138 | max rel diff. = 0.00898375
[2023-08-26 10:20:26.225] [jointLog] [info] Finished optimizer
[2023-08-26 10:20:26.225] [jointLog] [info] writing output 

