[2023-08-26 10:20:27.943] [jointLog] [info] setting maxHashResizeThreads to 16
[2023-08-26 10:20:27.943] [jointLog] [info] Fragment incompatibility prior below threshold.  Incompatible fragments will be ignored.
[2023-08-26 10:20:27.943] [jointLog] [info] Usage of --validateMappings implies use of minScoreFraction. Since not explicitly specified, it is being set to 0.65
[2023-08-26 10:20:27.943] [jointLog] [info] Setting consensusSlack to selective-alignment default of 0.35.
[2023-08-26 10:20:27.943] [jointLog] [info] parsing read library format
[2023-08-26 10:20:27.943] [jointLog] [info] There is 1 library.
[2023-08-26 10:20:27.984] [jointLog] [info] Loading pufferfish index
[2023-08-26 10:20:27.984] [jointLog] [info] Loading dense pufferfish index.
[2023-08-26 10:20:45.171] [jointLog] [info] done
[2023-08-26 10:20:45.171] [jointLog] [info] Index contained 177,651 targets
[2023-08-26 10:20:45.191] [jointLog] [info] Number of decoys : 195
[2023-08-26 10:20:45.191] [jointLog] [info] First decoy index : 177,412 
[2023-08-26 10:20:45.593] [jointLog] [info] Automatically detected most likely library type as ISR

[2023-08-26 10:26:16.349] [jointLog] [info] Thread saw mini-batch with a maximum of 0.74% zero probability fragments
[2023-08-26 10:26:16.371] [jointLog] [info] Thread saw mini-batch with a maximum of 0.74% zero probability fragments
[2023-08-26 10:26:16.400] [jointLog] [info] Thread saw mini-batch with a maximum of 0.76% zero probability fragments
[2023-08-26 10:26:16.408] [jointLog] [info] Thread saw mini-batch with a maximum of 0.74% zero probability fragments
[2023-08-26 10:26:16.459] [jointLog] [info] Thread saw mini-batch with a maximum of 0.72% zero probability fragments
[2023-08-26 10:26:16.487] [jointLog] [info] Thread saw mini-batch with a maximum of 0.72% zero probability fragments
[2023-08-26 10:26:16.509] [jointLog] [info] Thread saw mini-batch with a maximum of 0.74% zero probability fragments
[2023-08-26 10:26:16.542] [jointLog] [info] Thread saw mini-batch with a maximum of 0.82% zero probability fragments
[2023-08-26 10:26:16.551] [jointLog] [info] Thread saw mini-batch with a maximum of 0.82% zero probability fragments
[2023-08-26 10:26:16.577] [jointLog] [info] Thread saw mini-batch with a maximum of 0.70% zero probability fragments
[2023-08-26 10:26:16.585] [jointLog] [info] Thread saw mini-batch with a maximum of 0.70% zero probability fragments
[2023-08-26 10:26:16.588] [jointLog] [info] Thread saw mini-batch with a maximum of 0.76% zero probability fragments
[2023-08-26 10:26:16.627] [jointLog] [info] Thread saw mini-batch with a maximum of 0.70% zero probability fragments
[2023-08-26 10:26:16.711] [jointLog] [info] Thread saw mini-batch with a maximum of 0.74% zero probability fragments
[2023-08-26 10:26:16.724] [jointLog] [info] Thread saw mini-batch with a maximum of 0.76% zero probability fragments
[2023-08-26 10:26:16.726] [jointLog] [info] Thread saw mini-batch with a maximum of 0.74% zero probability fragments
[2023-08-26 10:26:16.847] [jointLog] [info] Computed 451,483 rich equivalence classes for further processing
[2023-08-26 10:26:16.847] [jointLog] [info] Counted 34,417,569 total reads in the equivalence classes 
[2023-08-26 10:26:16.852] [jointLog] [warning] 0.00249214% of fragments were shorter than the k used to build the index.
If this fraction is too large, consider re-building the index with a smaller k.
The minimum read size found was 20.


[2023-08-26 10:26:16.852] [jointLog] [info] Number of mappings discarded because of alignment score : 19,759,057
[2023-08-26 10:26:16.852] [jointLog] [info] Number of fragments entirely discarded because of alignment score : 12,749,043
[2023-08-26 10:26:16.852] [jointLog] [info] Number of fragments discarded because they are best-mapped to decoys : 12,433,119
[2023-08-26 10:26:16.852] [jointLog] [info] Number of fragments discarded because they have only dovetail (discordant) mappings to valid targets : 103,268
[2023-08-26 10:26:16.852] [jointLog] [info] Mapping rate = 48.3775%

[2023-08-26 10:26:16.852] [jointLog] [info] finished quantifyLibrary()
[2023-08-26 10:26:16.852] [jointLog] [info] Starting optimizer
[2023-08-26 10:26:16.903] [jointLog] [info] Marked 0 weighted equivalence classes as degenerate
[2023-08-26 10:26:16.909] [jointLog] [info] iteration = 0 | max rel diff. = 5909.05
[2023-08-26 10:26:16.848] [fileLog] [info] 
At end of round 0
==================
Observed 71143817 total fragments (71143817 in most recent round)

[2023-08-26 10:26:17.487] [jointLog] [info] iteration = 100 | max rel diff. = 20.4343
[2023-08-26 10:26:18.114] [jointLog] [info] iteration = 200 | max rel diff. = 9.68194
[2023-08-26 10:26:18.731] [jointLog] [info] iteration = 300 | max rel diff. = 18.8489
[2023-08-26 10:26:19.342] [jointLog] [info] iteration = 400 | max rel diff. = 7.3069
[2023-08-26 10:26:19.948] [jointLog] [info] iteration = 500 | max rel diff. = 0.441306
[2023-08-26 10:26:20.550] [jointLog] [info] iteration = 600 | max rel diff. = 0.315466
[2023-08-26 10:26:21.149] [jointLog] [info] iteration = 700 | max rel diff. = 0.202545
[2023-08-26 10:26:21.745] [jointLog] [info] iteration = 800 | max rel diff. = 0.793735
[2023-08-26 10:26:22.335] [jointLog] [info] iteration = 900 | max rel diff. = 0.380691
[2023-08-26 10:26:22.922] [jointLog] [info] iteration = 1,000 | max rel diff. = 2.78898
[2023-08-26 10:26:23.503] [jointLog] [info] iteration = 1,100 | max rel diff. = 1.00005
[2023-08-26 10:26:24.081] [jointLog] [info] iteration = 1,200 | max rel diff. = 1.89461
[2023-08-26 10:26:24.650] [jointLog] [info] iteration = 1,300 | max rel diff. = 0.316093
[2023-08-26 10:26:25.224] [jointLog] [info] iteration = 1,400 | max rel diff. = 0.0210699
[2023-08-26 10:26:25.792] [jointLog] [info] iteration = 1,500 | max rel diff. = 0.157341
[2023-08-26 10:26:26.356] [jointLog] [info] iteration = 1,600 | max rel diff. = 0.027541
[2023-08-26 10:26:26.914] [jointLog] [info] iteration = 1,700 | max rel diff. = 0.0138627
[2023-08-26 10:26:27.478] [jointLog] [info] iteration = 1,800 | max rel diff. = 0.0406999
[2023-08-26 10:26:28.040] [jointLog] [info] iteration = 1,900 | max rel diff. = 0.0330334
[2023-08-26 10:26:28.598] [jointLog] [info] iteration = 2,000 | max rel diff. = 0.0419356
[2023-08-26 10:26:28.873] [jointLog] [info] iteration = 2,050 | max rel diff. = 0.00766812
[2023-08-26 10:26:28.876] [jointLog] [info] Finished optimizer
[2023-08-26 10:26:28.876] [jointLog] [info] writing output 

